<?xml version="1.0" encoding="UTF-8"?>
<!-- Generated by org.testng.reporters.JUnitXMLReporter -->
<testsuite ignored="1" hostname="DESKTOP-U8RHF1U" failures="0" tests="3" name="Default test" time="0.062" errors="0" timestamp="2024-01-02T00:49:51 GMT-05:00">
  <testcase classname="crossbrowser.CrossBrowserTest" name="@BeforeTest initialize" time="-1.704174591146E9">
    <failure type="org.testng.TestNGException" message="
Parameter &amp;apos;browser&amp;apos; is required by BeforeTest on method initialize but has not been marked @Optional or defined
in C:\Users\AnoopKumar\AppData\Local\Temp\testng-eclipse-755738920\testng-customsuite.xml">
      <![CDATA[org.testng.TestNGException: 
Parameter 'browser' is required by BeforeTest on method initialize but has not been marked @Optional or defined
in C:\Users\AnoopKumar\AppData\Local\Temp\testng-eclipse-755738920\testng-customsuite.xml
at org.testng.internal.Parameters.createParams(Parameters.java:267)
at org.testng.internal.Parameters.createParametersForMethod(Parameters.java:355)
at org.testng.internal.Parameters.createParameters(Parameters.java:684)
at org.testng.internal.Parameters.createConfigurationParameters(Parameters.java:166)
at org.testng.internal.invokers.ConfigInvoker.invokeConfigurations(ConfigInvoker.java:277)
at org.testng.TestRunner.invokeTestConfigurations(TestRunner.java:644)
at org.testng.TestRunner.beforeRun(TestRunner.java:633)
at org.testng.TestRunner.run(TestRunner.java:595)
at org.testng.SuiteRunner.runTest(SuiteRunner.java:437)
at org.testng.SuiteRunner.runSequentially(SuiteRunner.java:431)
at org.testng.SuiteRunner.privateRun(SuiteRunner.java:391)
at org.testng.SuiteRunner.run(SuiteRunner.java:330)
at org.testng.SuiteRunnerWorker.runSuite(SuiteRunnerWorker.java:52)
at org.testng.SuiteRunnerWorker.run(SuiteRunnerWorker.java:95)
at org.testng.TestNG.runSuitesSequentially(TestNG.java:1256)
at org.testng.TestNG.runSuitesLocally(TestNG.java:1176)
at org.testng.TestNG.runSuites(TestNG.java:1099)
at org.testng.TestNG.run(TestNG.java:1067)
at org.testng.remote.AbstractRemoteTestNG.run(AbstractRemoteTestNG.java:115)
at org.testng.remote.RemoteTestNG.initAndRun(RemoteTestNG.java:251)
at org.testng.remote.RemoteTestNG.main(RemoteTestNG.java:77)
]]>
    </failure>
  </testcase> <!-- @BeforeTest initialize -->
  <testcase classname="crossbrowser.CrossBrowserTest" name="@AfterTest endTest" time="0.0">
    <skipped/>
  </testcase> <!-- @AfterTest endTest -->
  <testcase classname="crossbrowser.CrossBrowserTest" name="CINCHCCMlogin" time="0.0">
    <skipped/>
  </testcase> <!-- CINCHCCMlogin -->
  <testcase classname="crossbrowser.CrossBrowserTest" name="click_on_the_login_button" time="0.0">
    <skipped/>
  </testcase> <!-- click_on_the_login_button -->
  <testcase classname="crossbrowser.CrossBrowserTest" name="Verify_the_Continue_Button" time="0.0">
    <skipped/>
  </testcase> <!-- Verify_the_Continue_Button -->
  <testcase classname="crossbrowser.CrossBrowserTest" name="Verify_the_Dropdown_and_select_the_Test_Community" time="0.0">
    <ignored/>
  </testcase> <!-- Verify_the_Dropdown_and_select_the_Test_Community -->
</testsuite> <!-- Default test -->
