<?xml version="1.0" encoding="UTF-8"?>
<!-- Generated by org.testng.reporters.JUnitXMLReporter -->
<testsuite ignored="1" hostname="DESKTOP-U8RHF1U" failures="0" tests="11" name="FireFoxTest" time="71.656" errors="0" timestamp="2024-01-03T02:34:12 GMT-05:00">
  <testcase classname="crossbrowser.CrossBrowserTest" name="CINCHCCMlogin" time="25.655"/>
  <testcase classname="crossbrowser.CrossBrowserTest" name="click_on_the_login_button" time="5.412"/>
  <testcase classname="crossbrowser.CrossBrowserTest" name="Verify_the_Continue_Button" time="13.292"/>
  <testcase classname="crossbrowser.CrossBrowserTest" name="click_on_the_manage" time="6.26"/>
  <testcase classname="crossbrowser.CrossBrowserTest" name="click_on_the_add_new_community_note" time="5.246"/>
  <testcase classname="crossbrowser.CrossBrowserTest" name="enter_the_note" time="2.033"/>
  <testcase classname="crossbrowser.CrossBrowserTest" name="select_communities" time="0.41"/>
  <testcase classname="crossbrowser.CrossBrowserTest" name="choose_a_start_date" time="3.083"/>
  <testcase classname="crossbrowser.CrossBrowserTest" name="choose_an_end_date" time="6.339"/>
  <testcase classname="crossbrowser.CrossBrowserTest" name="click_on_the_save_button" time="0.013"/>
  <testcase classname="crossbrowser.CrossBrowserTest" name="community_note_was_created_message_should_be_shown" time="0.007"/>
  <testcase classname="crossbrowser.CrossBrowserTest" name="Verify_the_Dropdown_and_select_the_Test_Community" time="0.0">
    <ignored/>
  </testcase> <!-- Verify_the_Dropdown_and_select_the_Test_Community -->
</testsuite> <!-- FireFoxTest -->
